Added Component: Designator=C1(CAPPR65-350-1150X800X1250)
Added Component: Designator=C2(CAPPR65-350-1150X800X1250)
Added Component: Designator=C3(CAPPR65-350-1150X800X1250)
Added Component: Designator=D1(FP-1N4007-MFG)
Added Component: Designator=D2(FP-1N4007-MFG)
Added Component: Designator=D3(FP-1N4007-MFG)
Added Component: Designator=D4(FP-1N4007-MFG)
Added Component: Designator=P1(HDR1X2H)
Add component (AddParameter): Name = "LatestRevisionDate"; Value = "17-Jul-2002"; VariantName = "[No Variations]"
Add component (AddParameter): Name = "LatestRevisionNote"; Value = "Re-released for DXP Platform."; VariantName = "[No Variations]"
Add component (AddParameter): Name = "Publisher"; Value = "Altium Limited"; VariantName = "[No Variations]"
Added Net: Name=GND
Added Net: Name=Net7805_1
Added Net: Name=Net7805_3
Added Pin To Net: NetName=NetD1_1 Pin=P1-1
Added Net: Name=NetD1_1
Added Pin To Net: NetName=NetD3_1 Pin=P1-2
Added Net: Name=NetD3_1
Added Class: Name=Sheet1
Added Room: Name=Sheet1
