Removed Pin From Net: NetName=NetC5_1 Pin=R2-1
Removed Pin From Net: NetName=NetC6_1 Pin=R2-2
Removed Pin From Net: NetName=GND Pin=VR2-2
Removed Pin From Net: NetName=NetR14_1 Pin=VR2-3
Removed Member From Class: ClassName=Sheet1 Member=R2
Change Component Footprint: Designator=VR1 Old Footprint=VR5 New Footprint=BOUR-3852A-282-103AL-3_V
Change Component Footprint: Designator=VR2 Old Footprint=VR5 New Footprint=BOUR-3852A-282-103AL-3_V
Change Component Comment : Designator=VR1 Old Comment=RPot New Comment=3852A-282-103AL
Change Component Comment : Designator=VR2 Old Comment=RPot New Comment=3852A-282-103AL
Change Managed Component Library Link : Designator=VR1 Old VaultGUID= New VaultGUID=B7D15EC3-160A-466F-A46C-7801FE6295A7 Old ItemGUID= New ItemGUID=EAA8F604-1988-4E5D-9200-EBC2DC606EF8 Old RevisionGUID= New RevisionGUID=5F42F7C7-12C1-463D-964B-0C3E2FC4FD85
Change Managed Component Library Link : Designator=VR2 Old VaultGUID= New VaultGUID=B7D15EC3-160A-466F-A46C-7801FE6295A7 Old ItemGUID= New ItemGUID=EAA8F604-1988-4E5D-9200-EBC2DC606EF8 Old RevisionGUID= New RevisionGUID=5F42F7C7-12C1-463D-964B-0C3E2FC4FD85
Change component parameters: Designator = "VR1" ("VR1"); Footprint = "VR5"; UniqueID = "\IHJWRNZH" ("\IHJWRNZH")
Change component parameters (AddParameter): Name = "Actuator Diameter"; Value = "0.250"(6.35mm)"; VariantName = "[No Variations]"
Change component parameters (AddParameter): Name = "Actuator Length"; Value = "0.875"(22.23mm)"; VariantName = "[No Variations]"
Change component parameters (AddParameter): Name = "Actuator Type"; Value = "Slotted"; VariantName = "[No Variations]"
Change component parameters (AddParameter): Name = "Associated Product"; Value = "36-8560-ND
-KNOBINSTRUMW/DIALRND.9"DIA
36-8555-ND
-KNOBINSTRUMSKIRTEDRND.7"DIA
36-8556-ND
-KNOBINSTRUMSKIRTEDRND.9"DIA
36-8565-ND
-KNOBINSTRUMDBLBARRND.7"DIA
36-8566-ND
-KNOBINSTRUMDBLBARRND.9"DIA
36-8568-ND
-KNOBINSTRUMSGLBARRND.7"DIA
36-8569-ND
-KNOBINSTRUMSGLBARRND.9"DIA
36-8559-ND
-KNOBINSTRUMW/DIALRND.7"DIA
226-1006-ND
-KNOBBLKGLOSS.75"DIA.250"SHAFT
226-1007-ND
-KNOBBLKGLOSS.925"DIA.250"SHAFT
226-1011-ND
-KNOBBLKGLOS"; VariantName = "[No Variations]"
Change component parameters (AddParameter): Name = "Built in Switch"; Value = "None"; VariantName = "[No Variations]"
Change component parameters (AddParameter): Name = "Bushing Thread"; Value = "3/8-32"; VariantName = "[No Variations]"
Change component parameters (AddParameter): Name = "Catalog Drawings"; Value = "3852SeriesSide1

3852SeriesSide2"; VariantName = "[No Variations]"
Change component parameters (AddParameter): Name = "Category"; Value = "Potentiometers,VariableResistors"; VariantName = "[No Variations]"
Change component parameters (AddParameter): Name = "Datasheet URL"; Value = "https://datasheet.ciiva.com/11831/0900766b80f93b4b-11831016.pdf"; VariantName = "[No Variations]"
Change component parameters (AddParameter): Name = "Datasheet Version"; Value = "Sep-14"; VariantName = "[No Variations]"
Change component parameters (AddParameter): Name = "Family"; Value = "RotaryPotentiometers,Rheostats"; VariantName = "[No Variations]"
Change component parameters (AddParameter): Name = "Manufacturer"; Value = "Bourns"; VariantName = "[No Variations]"
Change component parameters (AddParameter): Name = "Manufacturer URL"; Value = "http://www.bourns.com/"; VariantName = "[No Variations]"
Change component parameters (AddParameter): Name = "Mounting Type"; Value = "PanelMount"; VariantName = "[No Variations]"
Change component parameters (AddParameter): Name = "Number of Gangs"; Value = "1"; VariantName = "[No Variations]"
Change component parameters (AddParameter): Name = "Number of Turns"; Value = "1"; VariantName = "[No Variations]"
Change component parameters (AddParameter): Name = "Online Catalog"; Value = "3852and3856Series"; VariantName = "[No Variations]"
Change component parameters (AddParameter): Name = "Other Names"; Value = "3852A282103AL"; VariantName = "[No Variations]"
Change component parameters (AddParameter): Name = "Packaging"; Value = "Bulk"; VariantName = "[No Variations]"
Change component parameters (AddParameter): Name = "PCN Design/Specification"; Value = "PBTResinJun/2011"; VariantName = "[No Variations]"
Change component parameters (AddParameter): Name = "PCN Other"; Value = "MultipleChanges01/Dec/2012"; VariantName = "[No Variations]"
Change component parameters (AddParameter): Name = "Power (Watts)"; Value = "2W"; VariantName = "[No Variations]"
Change component parameters (AddParameter): Name = "Resistance (Ohms)"; Value = "10k"; VariantName = "[No Variations]"
Change component parameters (AddParameter): Name = "Resistive Material"; Value = "Cermet"; VariantName = "[No Variations]"
Change component parameters (AddParameter): Name = "RoHS Information"; Value = "3852A-LMaterialDeclaration"; VariantName = "[No Variations]"
Change component parameters (AddParameter): Name = "Rotation"; Value = "280deg"; VariantName = "[No Variations]"
Change component parameters (AddParameter): Name = "Series"; Value = "3852"; VariantName = "[No Variations]"
Change component parameters (AddParameter): Name = "Standard Package"; Value = "45"; VariantName = "[No Variations]"
Change component parameters (AddParameter): Name = "Taper"; Value = "Linear"; VariantName = "[No Variations]"
Change component parameters (AddParameter): Name = "Temperature Coefficient"; Value = "±150ppm/degC"; VariantName = "[No Variations]"
Change component parameters (AddParameter): Name = "Termination Style"; Value = "SolderLug"; VariantName = "[No Variations]"
Change component parameters (AddParameter): Name = "Tolerance"; Value = "±10%"; VariantName = "[No Variations]"
Change component parameters: Designator = "VR2" ("VR2"); Footprint = "VR5"; UniqueID = "\IYQENYRJ" ("\IYQENYRJ")
Change component parameters (AddParameter): Name = "Actuator Diameter"; Value = "0.250"(6.35mm)"; VariantName = "[No Variations]"
Change component parameters (AddParameter): Name = "Actuator Length"; Value = "0.875"(22.23mm)"; VariantName = "[No Variations]"
Change component parameters (AddParameter): Name = "Actuator Type"; Value = "Slotted"; VariantName = "[No Variations]"
Change component parameters (AddParameter): Name = "Associated Product"; Value = "36-8560-ND
-KNOBINSTRUMW/DIALRND.9"DIA
36-8555-ND
-KNOBINSTRUMSKIRTEDRND.7"DIA
36-8556-ND
-KNOBINSTRUMSKIRTEDRND.9"DIA
36-8565-ND
-KNOBINSTRUMDBLBARRND.7"DIA
36-8566-ND
-KNOBINSTRUMDBLBARRND.9"DIA
36-8568-ND
-KNOBINSTRUMSGLBARRND.7"DIA
36-8569-ND
-KNOBINSTRUMSGLBARRND.9"DIA
36-8559-ND
-KNOBINSTRUMW/DIALRND.7"DIA
226-1006-ND
-KNOBBLKGLOSS.75"DIA.250"SHAFT
226-1007-ND
-KNOBBLKGLOSS.925"DIA.250"SHAFT
226-1011-ND
-KNOBBLKGLOS"; VariantName = "[No Variations]"
Change component parameters (AddParameter): Name = "Built in Switch"; Value = "None"; VariantName = "[No Variations]"
Change component parameters (AddParameter): Name = "Bushing Thread"; Value = "3/8-32"; VariantName = "[No Variations]"
Change component parameters (AddParameter): Name = "Catalog Drawings"; Value = "3852SeriesSide1

3852SeriesSide2"; VariantName = "[No Variations]"
Change component parameters (AddParameter): Name = "Category"; Value = "Potentiometers,VariableResistors"; VariantName = "[No Variations]"
Change component parameters (AddParameter): Name = "Datasheet URL"; Value = "https://datasheet.ciiva.com/11831/0900766b80f93b4b-11831016.pdf"; VariantName = "[No Variations]"
Change component parameters (AddParameter): Name = "Datasheet Version"; Value = "Sep-14"; VariantName = "[No Variations]"
Change component parameters (AddParameter): Name = "Family"; Value = "RotaryPotentiometers,Rheostats"; VariantName = "[No Variations]"
Change component parameters (AddParameter): Name = "Manufacturer"; Value = "Bourns"; VariantName = "[No Variations]"
Change component parameters (AddParameter): Name = "Manufacturer URL"; Value = "http://www.bourns.com/"; VariantName = "[No Variations]"
Change component parameters (AddParameter): Name = "Mounting Type"; Value = "PanelMount"; VariantName = "[No Variations]"
Change component parameters (AddParameter): Name = "Number of Gangs"; Value = "1"; VariantName = "[No Variations]"
Change component parameters (AddParameter): Name = "Number of Turns"; Value = "1"; VariantName = "[No Variations]"
Change component parameters (AddParameter): Name = "Online Catalog"; Value = "3852and3856Series"; VariantName = "[No Variations]"
Change component parameters (AddParameter): Name = "Other Names"; Value = "3852A282103AL"; VariantName = "[No Variations]"
Change component parameters (AddParameter): Name = "Packaging"; Value = "Bulk"; VariantName = "[No Variations]"
Change component parameters (AddParameter): Name = "PCN Design/Specification"; Value = "PBTResinJun/2011"; VariantName = "[No Variations]"
Change component parameters (AddParameter): Name = "PCN Other"; Value = "MultipleChanges01/Dec/2012"; VariantName = "[No Variations]"
Change component parameters (AddParameter): Name = "Power (Watts)"; Value = "2W"; VariantName = "[No Variations]"
Change component parameters (AddParameter): Name = "Resistance (Ohms)"; Value = "10k"; VariantName = "[No Variations]"
Change component parameters (AddParameter): Name = "Resistive Material"; Value = "Cermet"; VariantName = "[No Variations]"
Change component parameters (AddParameter): Name = "RoHS Information"; Value = "3852A-LMaterialDeclaration"; VariantName = "[No Variations]"
Change component parameters (AddParameter): Name = "Rotation"; Value = "280deg"; VariantName = "[No Variations]"
Change component parameters (AddParameter): Name = "Series"; Value = "3852"; VariantName = "[No Variations]"
Change component parameters (AddParameter): Name = "Standard Package"; Value = "45"; VariantName = "[No Variations]"
Change component parameters (AddParameter): Name = "Taper"; Value = "Linear"; VariantName = "[No Variations]"
Change component parameters (AddParameter): Name = "Temperature Coefficient"; Value = "±150ppm/degC"; VariantName = "[No Variations]"
Change component parameters (AddParameter): Name = "Termination Style"; Value = "SolderLug"; VariantName = "[No Variations]"
Change component parameters (AddParameter): Name = "Tolerance"; Value = "±10%"; VariantName = "[No Variations]"
Added Component: Designator=VR3(BOUR-3852A-282-103AL-3_V)
Add component (AddParameter): Name = "Actuator Diameter"; Value = "0.250"(6.35mm)"; VariantName = "[No Variations]"
Add component (AddParameter): Name = "Actuator Length"; Value = "0.875"(22.23mm)"; VariantName = "[No Variations]"
Add component (AddParameter): Name = "Actuator Type"; Value = "Slotted"; VariantName = "[No Variations]"
Add component (AddParameter): Name = "Associated Product"; Value = "36-8560-ND
-KNOBINSTRUMW/DIALRND.9"DIA
36-8555-ND
-KNOBINSTRUMSKIRTEDRND.7"DIA
36-8556-ND
-KNOBINSTRUMSKIRTEDRND.9"DIA
36-8565-ND
-KNOBINSTRUMDBLBARRND.7"DIA
36-8566-ND
-KNOBINSTRUMDBLBARRND.9"DIA
36-8568-ND
-KNOBINSTRUMSGLBARRND.7"DIA
36-8569-ND
-KNOBINSTRUMSGLBARRND.9"DIA
36-8559-ND
-KNOBINSTRUMW/DIALRND.7"DIA
226-1006-ND
-KNOBBLKGLOSS.75"DIA.250"SHAFT
226-1007-ND
-KNOBBLKGLOSS.925"DIA.250"SHAFT
226-1011-ND
-KNOBBLKGLOS"; VariantName = "[No Variations]"
Add component (AddParameter): Name = "Built in Switch"; Value = "None"; VariantName = "[No Variations]"
Add component (AddParameter): Name = "Bushing Thread"; Value = "3/8-32"; VariantName = "[No Variations]"
Add component (AddParameter): Name = "Catalog Drawings"; Value = "3852SeriesSide1

3852SeriesSide2"; VariantName = "[No Variations]"
Add component (AddParameter): Name = "Category"; Value = "Potentiometers,VariableResistors"; VariantName = "[No Variations]"
Add component (AddParameter): Name = "Datasheet URL"; Value = "https://datasheet.ciiva.com/11831/0900766b80f93b4b-11831016.pdf"; VariantName = "[No Variations]"
Add component (AddParameter): Name = "Datasheet Version"; Value = "Sep-14"; VariantName = "[No Variations]"
Add component (AddParameter): Name = "Family"; Value = "RotaryPotentiometers,Rheostats"; VariantName = "[No Variations]"
Add component (AddParameter): Name = "Manufacturer"; Value = "Bourns"; VariantName = "[No Variations]"
Add component (AddParameter): Name = "Manufacturer URL"; Value = "http://www.bourns.com/"; VariantName = "[No Variations]"
Add component (AddParameter): Name = "Mounting Type"; Value = "PanelMount"; VariantName = "[No Variations]"
Add component (AddParameter): Name = "Number of Gangs"; Value = "1"; VariantName = "[No Variations]"
Add component (AddParameter): Name = "Number of Turns"; Value = "1"; VariantName = "[No Variations]"
Add component (AddParameter): Name = "Online Catalog"; Value = "3852and3856Series"; VariantName = "[No Variations]"
Add component (AddParameter): Name = "Other Names"; Value = "3852A282103AL"; VariantName = "[No Variations]"
Add component (AddParameter): Name = "Packaging"; Value = "Bulk"; VariantName = "[No Variations]"
Add component (AddParameter): Name = "PCN Design/Specification"; Value = "PBTResinJun/2011"; VariantName = "[No Variations]"
Add component (AddParameter): Name = "PCN Other"; Value = "MultipleChanges01/Dec/2012"; VariantName = "[No Variations]"
Add component (AddParameter): Name = "Power (Watts)"; Value = "2W"; VariantName = "[No Variations]"
Add component (AddParameter): Name = "Resistance (Ohms)"; Value = "10k"; VariantName = "[No Variations]"
Add component (AddParameter): Name = "Resistive Material"; Value = "Cermet"; VariantName = "[No Variations]"
Add component (AddParameter): Name = "RoHS Information"; Value = "3852A-LMaterialDeclaration"; VariantName = "[No Variations]"
Add component (AddParameter): Name = "Rotation"; Value = "280deg"; VariantName = "[No Variations]"
Add component (AddParameter): Name = "Series"; Value = "3852"; VariantName = "[No Variations]"
Add component (AddParameter): Name = "Standard Package"; Value = "45"; VariantName = "[No Variations]"
Add component (AddParameter): Name = "Taper"; Value = "Linear"; VariantName = "[No Variations]"
Add component (AddParameter): Name = "Temperature Coefficient"; Value = "±150ppm/degC"; VariantName = "[No Variations]"
Add component (AddParameter): Name = "Termination Style"; Value = "SolderLug"; VariantName = "[No Variations]"
Add component (AddParameter): Name = "Tolerance"; Value = "±10%"; VariantName = "[No Variations]"
Added Pin To Net: NetName=NetC6_1 Pin=VR2-1
Added Pin To Net: NetName=NetC5_1 Pin=VR2-2
Added Pin To Net: NetName=NetR14_1 Pin=VR3-2
Added Pin To Net: NetName=GND Pin=VR3-3
Added Member To Class: ClassName=Sheet1 Member=Component VR3 3852A-282-103AL
Added Room: Name=Sheet1
