Removed Pin From Net: NetName=NetOp7_2 Pin=R12-1
Removed Pin From Net: NetName=+5v Pin=R12-2
Removed Pin From Net: NetName=GND Pin=R13-1
Removed Pin From Net: NetName=NetOp7_2 Pin=R13-2
Removed Pin From Net: NetName=NetOp3_3 Pin=R17-1
Removed Pin From Net: NetName=GND Pin=R17-2
Removed Pin From Net: NetName=NetOp4_2 Pin=R18-1
Removed Pin From Net: NetName=GND Pin=R18-2
Removed Pin From Net: NetName=Vl Pin=R19-1
Removed Pin From Net: NetName=GND Pin=R19-2
Removed Pin From Net: NetName=+5 Pin=R20-1
Removed Pin From Net: NetName=NetOp3_3 Pin=R20-2
Removed Pin From Net: NetName=+5 Pin=R21-1
Removed Pin From Net: NetName=NetOp4_2 Pin=R21-2
Removed Pin From Net: NetName=-5 Pin=R22-1
Removed Pin From Net: NetName=Vl Pin=R22-2
Change Component Comment : Designator=R12 Old Comment=Res1 New Comment=47kO
Change Component Comment : Designator=R13 Old Comment=Res1 New Comment=47kO
Change Component Comment : Designator=R17 Old Comment=Res1 New Comment=47kO
Change Component Comment : Designator=R18 Old Comment=Res1 New Comment=47kO
Change Component Comment : Designator=R19 Old Comment=Res1 New Comment=47kO
Change Component Comment : Designator=R20 Old Comment=Res1 New Comment=47kO
Change Component Comment : Designator=R21 Old Comment=Res1 New Comment=47kO
Change Component Comment : Designator=R22 Old Comment=Res1 New Comment=47kO
Change component parameters: Designator = "R12" ("R12"); Footprint = "AXIAL-0.3"; UniqueID = "\YCJUXSPW" ("\YCJUXSPW")
Change component parameters (AddParameter): Name = "Arrow Part Number"; Value = "MRS25000C1002FC100"; VariantName = "[No Variations]"
Change component parameters (AddParameter): Name = "Arrow Price/Stock"; Value = "https://www.arrow.com/en/products/mrs25000c1002fc100/vishay"; VariantName = "[No Variations]"
Change component parameters (AddParameter): Name = "Datasheet Link"; Value = "http://www.vishay.com/docs/28724/mrs16m25.pdf"; VariantName = "[No Variations]"
Change component parameters (AddParameter): Name = "Manufacturer_Name"; Value = "Vishay"; VariantName = "[No Variations]"
Change component parameters (AddParameter): Name = "Manufacturer_Part_Number"; Value = "MRS25000C1002FC100"; VariantName = "[No Variations]"
Change component parameters (AddParameter): Name = "Mouser Part Number"; Value = "594-2322-156-11003"; VariantName = "[No Variations]"
Change component parameters (AddParameter): Name = "Mouser Price/Stock"; Value = "https://www.mouser.co.uk/ProductDetail/Vishay-BC-Components/MRS25000C1002FC100?qs=B52Dqq1Chl6h6M7hjffcZQ%3D%3D"; VariantName = "[No Variations]"
Change component parameters: Designator = "R13" ("R13"); Footprint = "AXIAL-0.3"; UniqueID = "\VBJNVJQD" ("\VBJNVJQD")
Change component parameters (AddParameter): Name = "Arrow Part Number"; Value = "MRS25000C1002FC100"; VariantName = "[No Variations]"
Change component parameters (AddParameter): Name = "Arrow Price/Stock"; Value = "https://www.arrow.com/en/products/mrs25000c1002fc100/vishay"; VariantName = "[No Variations]"
Change component parameters (AddParameter): Name = "Datasheet Link"; Value = "http://www.vishay.com/docs/28724/mrs16m25.pdf"; VariantName = "[No Variations]"
Change component parameters (AddParameter): Name = "Manufacturer_Name"; Value = "Vishay"; VariantName = "[No Variations]"
Change component parameters (AddParameter): Name = "Manufacturer_Part_Number"; Value = "MRS25000C1002FC100"; VariantName = "[No Variations]"
Change component parameters (AddParameter): Name = "Mouser Part Number"; Value = "594-2322-156-11003"; VariantName = "[No Variations]"
Change component parameters (AddParameter): Name = "Mouser Price/Stock"; Value = "https://www.mouser.co.uk/ProductDetail/Vishay-BC-Components/MRS25000C1002FC100?qs=B52Dqq1Chl6h6M7hjffcZQ%3D%3D"; VariantName = "[No Variations]"
Change component parameters: Designator = "R17" ("R17"); Footprint = "AXIAL-0.3"; UniqueID = "\VYOTVYNB" ("\VYOTVYNB")
Change component parameters (AddParameter): Name = "Arrow Part Number"; Value = "MRS25000C1002FC100"; VariantName = "[No Variations]"
Change component parameters (AddParameter): Name = "Arrow Price/Stock"; Value = "https://www.arrow.com/en/products/mrs25000c1002fc100/vishay"; VariantName = "[No Variations]"
Change component parameters (AddParameter): Name = "Datasheet Link"; Value = "http://www.vishay.com/docs/28724/mrs16m25.pdf"; VariantName = "[No Variations]"
Change component parameters (AddParameter): Name = "Manufacturer_Name"; Value = "Vishay"; VariantName = "[No Variations]"
Change component parameters (AddParameter): Name = "Manufacturer_Part_Number"; Value = "MRS25000C1002FC100"; VariantName = "[No Variations]"
Change component parameters (AddParameter): Name = "Mouser Part Number"; Value = "594-2322-156-11003"; VariantName = "[No Variations]"
Change component parameters (AddParameter): Name = "Mouser Price/Stock"; Value = "https://www.mouser.co.uk/ProductDetail/Vishay-BC-Components/MRS25000C1002FC100?qs=B52Dqq1Chl6h6M7hjffcZQ%3D%3D"; VariantName = "[No Variations]"
Change component parameters: Designator = "R18" ("R18"); Footprint = "AXIAL-0.3"; UniqueID = "\MQYWSVOT" ("\MQYWSVOT")
Change component parameters (AddParameter): Name = "Arrow Part Number"; Value = "MRS25000C1002FC100"; VariantName = "[No Variations]"
Change component parameters (AddParameter): Name = "Arrow Price/Stock"; Value = "https://www.arrow.com/en/products/mrs25000c1002fc100/vishay"; VariantName = "[No Variations]"
Change component parameters (AddParameter): Name = "Datasheet Link"; Value = "http://www.vishay.com/docs/28724/mrs16m25.pdf"; VariantName = "[No Variations]"
Change component parameters (AddParameter): Name = "Manufacturer_Name"; Value = "Vishay"; VariantName = "[No Variations]"
Change component parameters (AddParameter): Name = "Manufacturer_Part_Number"; Value = "MRS25000C1002FC100"; VariantName = "[No Variations]"
Change component parameters (AddParameter): Name = "Mouser Part Number"; Value = "594-2322-156-11003"; VariantName = "[No Variations]"
Change component parameters (AddParameter): Name = "Mouser Price/Stock"; Value = "https://www.mouser.co.uk/ProductDetail/Vishay-BC-Components/MRS25000C1002FC100?qs=B52Dqq1Chl6h6M7hjffcZQ%3D%3D"; VariantName = "[No Variations]"
Change component parameters: Designator = "R19" ("R19"); Footprint = "AXIAL-0.3"; UniqueID = "\MPJGIXRB" ("\MPJGIXRB")
Change component parameters (AddParameter): Name = "Arrow Part Number"; Value = "MRS25000C1002FC100"; VariantName = "[No Variations]"
Change component parameters (AddParameter): Name = "Arrow Price/Stock"; Value = "https://www.arrow.com/en/products/mrs25000c1002fc100/vishay"; VariantName = "[No Variations]"
Change component parameters (AddParameter): Name = "Datasheet Link"; Value = "http://www.vishay.com/docs/28724/mrs16m25.pdf"; VariantName = "[No Variations]"
Change component parameters (AddParameter): Name = "Manufacturer_Name"; Value = "Vishay"; VariantName = "[No Variations]"
Change component parameters (AddParameter): Name = "Manufacturer_Part_Number"; Value = "MRS25000C1002FC100"; VariantName = "[No Variations]"
Change component parameters (AddParameter): Name = "Mouser Part Number"; Value = "594-2322-156-11003"; VariantName = "[No Variations]"
Change component parameters (AddParameter): Name = "Mouser Price/Stock"; Value = "https://www.mouser.co.uk/ProductDetail/Vishay-BC-Components/MRS25000C1002FC100?qs=B52Dqq1Chl6h6M7hjffcZQ%3D%3D"; VariantName = "[No Variations]"
Change component parameters: Designator = "R20" ("R20"); Footprint = "AXIAL-0.3"; UniqueID = "\PNOQGBTN" ("\PNOQGBTN")
Change component parameters (AddParameter): Name = "Arrow Part Number"; Value = "MRS25000C1002FC100"; VariantName = "[No Variations]"
Change component parameters (AddParameter): Name = "Arrow Price/Stock"; Value = "https://www.arrow.com/en/products/mrs25000c1002fc100/vishay"; VariantName = "[No Variations]"
Change component parameters (AddParameter): Name = "Datasheet Link"; Value = "http://www.vishay.com/docs/28724/mrs16m25.pdf"; VariantName = "[No Variations]"
Change component parameters (AddParameter): Name = "Manufacturer_Name"; Value = "Vishay"; VariantName = "[No Variations]"
Change component parameters (AddParameter): Name = "Manufacturer_Part_Number"; Value = "MRS25000C1002FC100"; VariantName = "[No Variations]"
Change component parameters (AddParameter): Name = "Mouser Part Number"; Value = "594-2322-156-11003"; VariantName = "[No Variations]"
Change component parameters (AddParameter): Name = "Mouser Price/Stock"; Value = "https://www.mouser.co.uk/ProductDetail/Vishay-BC-Components/MRS25000C1002FC100?qs=B52Dqq1Chl6h6M7hjffcZQ%3D%3D"; VariantName = "[No Variations]"
Change component parameters: Designator = "R21" ("R21"); Footprint = "AXIAL-0.3"; UniqueID = "\JDXNXPWW" ("\JDXNXPWW")
Change component parameters (AddParameter): Name = "Arrow Part Number"; Value = "MRS25000C1002FC100"; VariantName = "[No Variations]"
Change component parameters (AddParameter): Name = "Arrow Price/Stock"; Value = "https://www.arrow.com/en/products/mrs25000c1002fc100/vishay"; VariantName = "[No Variations]"
Change component parameters (AddParameter): Name = "Datasheet Link"; Value = "http://www.vishay.com/docs/28724/mrs16m25.pdf"; VariantName = "[No Variations]"
Change component parameters (AddParameter): Name = "Manufacturer_Name"; Value = "Vishay"; VariantName = "[No Variations]"
Change component parameters (AddParameter): Name = "Manufacturer_Part_Number"; Value = "MRS25000C1002FC100"; VariantName = "[No Variations]"
Change component parameters (AddParameter): Name = "Mouser Part Number"; Value = "594-2322-156-11003"; VariantName = "[No Variations]"
Change component parameters (AddParameter): Name = "Mouser Price/Stock"; Value = "https://www.mouser.co.uk/ProductDetail/Vishay-BC-Components/MRS25000C1002FC100?qs=B52Dqq1Chl6h6M7hjffcZQ%3D%3D"; VariantName = "[No Variations]"
Change component parameters: Designator = "R22" ("R22"); Footprint = "AXIAL-0.3"; UniqueID = "\XXLOBZHK" ("\XXLOBZHK")
Change component parameters (AddParameter): Name = "Arrow Part Number"; Value = "MRS25000C1002FC100"; VariantName = "[No Variations]"
Change component parameters (AddParameter): Name = "Arrow Price/Stock"; Value = "https://www.arrow.com/en/products/mrs25000c1002fc100/vishay"; VariantName = "[No Variations]"
Change component parameters (AddParameter): Name = "Datasheet Link"; Value = "http://www.vishay.com/docs/28724/mrs16m25.pdf"; VariantName = "[No Variations]"
Change component parameters (AddParameter): Name = "Manufacturer_Name"; Value = "Vishay"; VariantName = "[No Variations]"
Change component parameters (AddParameter): Name = "Manufacturer_Part_Number"; Value = "MRS25000C1002FC100"; VariantName = "[No Variations]"
Change component parameters (AddParameter): Name = "Mouser Part Number"; Value = "594-2322-156-11003"; VariantName = "[No Variations]"
Change component parameters (AddParameter): Name = "Mouser Price/Stock"; Value = "https://www.mouser.co.uk/ProductDetail/Vishay-BC-Components/MRS25000C1002FC100?qs=B52Dqq1Chl6h6M7hjffcZQ%3D%3D"; VariantName = "[No Variations]"
Added Pin To Net: NetName=+5v Pin=R12-1
Added Pin To Net: NetName=NetOp7_2 Pin=R12-2
Added Pin To Net: NetName=NetOp7_2 Pin=R13-1
Added Pin To Net: NetName=GND Pin=R13-2
Added Pin To Net: NetName=GND Pin=R17-1
Added Pin To Net: NetName=NetOp3_3 Pin=R17-2
Added Pin To Net: NetName=GND Pin=R18-1
Added Pin To Net: NetName=NetOp4_2 Pin=R18-2
Added Pin To Net: NetName=GND Pin=R19-1
Added Pin To Net: NetName=Vl Pin=R19-2
Added Pin To Net: NetName=NetOp3_3 Pin=R20-1
Added Pin To Net: NetName=+5 Pin=R20-2
Added Pin To Net: NetName=NetOp4_2 Pin=R21-1
Added Pin To Net: NetName=+5 Pin=R21-2
Added Pin To Net: NetName=Vl Pin=R22-1
Added Pin To Net: NetName=+5 Pin=R22-2
Added Room: Name=Sheet1
