Change Component Footprint: Designator=VR1 Old Footprint=BOUR-3852A-282-103AL-3_V New Footprint=BOUR-3362P
Change Component Footprint: Designator=VR2 Old Footprint=BOUR-3852A-282-103AL-3_V New Footprint=BOUR-3362P
Change Component Footprint: Designator=VR3 Old Footprint=BOUR-3852A-282-103AL-3_V New Footprint=BOUR-3362P
Change Component Comment : Designator=VR1 Old Comment=3852A-282-103AL New Comment=3362P-1-103LF
Change Component Comment : Designator=VR2 Old Comment=3852A-282-103AL New Comment=3362P-1-103LF
Change Component Comment : Designator=VR3 Old Comment=3852A-282-103AL New Comment=3362P-1-103LF
Change Managed Component Library Link : Designator=VR1 Old VaultGUID=B7D15EC3-160A-466F-A46C-7801FE6295A7 New VaultGUID=B7D15EC3-160A-466F-A46C-7801FE6295A7 Old ItemGUID=EAA8F604-1988-4E5D-9200-EBC2DC606EF8 New ItemGUID=1B826C0B-3EB1-4A57-B293-6505F4DE2E11 Old RevisionGUID=5F42F7C7-12C1-463D-964B-0C3E2FC4FD85 New RevisionGUID=DA474C76-ED9C-4B99-A4A0-654EE1C2010F
Change Managed Component Library Link : Designator=VR2 Old VaultGUID=B7D15EC3-160A-466F-A46C-7801FE6295A7 New VaultGUID=B7D15EC3-160A-466F-A46C-7801FE6295A7 Old ItemGUID=EAA8F604-1988-4E5D-9200-EBC2DC606EF8 New ItemGUID=1B826C0B-3EB1-4A57-B293-6505F4DE2E11 Old RevisionGUID=5F42F7C7-12C1-463D-964B-0C3E2FC4FD85 New RevisionGUID=DA474C76-ED9C-4B99-A4A0-654EE1C2010F
Change Managed Component Library Link : Designator=VR3 Old VaultGUID=B7D15EC3-160A-466F-A46C-7801FE6295A7 New VaultGUID=B7D15EC3-160A-466F-A46C-7801FE6295A7 Old ItemGUID=EAA8F604-1988-4E5D-9200-EBC2DC606EF8 New ItemGUID=1B826C0B-3EB1-4A57-B293-6505F4DE2E11 Old RevisionGUID=5F42F7C7-12C1-463D-964B-0C3E2FC4FD85 New RevisionGUID=DA474C76-ED9C-4B99-A4A0-654EE1C2010F
Change component parameters: Designator = "VR1" ("VR1"); Footprint = "BOUR-3852A-282-103AL-3_V"; UniqueID = "\WZHFHPDZ" ("\WZHFHPDZ")
Change component parameters (AddParameter): Name = "Case Code (Imperial)"; Value = "0612"; VariantName = "[No Variations]"
Change component parameters (AddParameter): Name = "Case Code (Metric)"; Value = "1632"; VariantName = "[No Variations]"
Change component parameters (AddParameter): Name = "Case/Package"; Value = "1206"; VariantName = "[No Variations]"
Change component parameters (AddParameter): Name = "ComponentLink1Description"; Value = "Manufacturer URL"; VariantName = "[No Variations]"
Change component parameters (AddParameter): Name = "ComponentLink1URL"; Value = "http://www.bourns.com/"; VariantName = "[No Variations]"
Change component parameters (AddParameter): Name = "ComponentLink2Description"; Value = "Datasheet"; VariantName = "[No Variations]"
Change component parameters (AddParameter): Name = "ComponentLink2URL"; Value = "http://www.bourns.com/docs/Product-Datasheets/3362.pdf"; VariantName = "[No Variations]"
Change component parameters (AddParameter): Name = "DatasheetVersion"; Value = "May-16"; VariantName = "[No Variations]"
Change component parameters (AddParameter): Name = "Height"; Value = "0.6 mm"; VariantName = "[No Variations]"
Change component parameters (AddParameter): Name = "Length"; Value = "3.2 mm"; VariantName = "[No Variations]"
Change component parameters (AddParameter): Name = "Max Operating Temperature"; Value = "125degC"; VariantName = "[No Variations]"
Change component parameters (AddParameter): Name = "Min Operating Temperature"; Value = "-25degC"; VariantName = "[No Variations]"
Change component parameters (AddParameter): Name = "Mount"; Value = "Surface Mount"; VariantName = "[No Variations]"
Change component parameters (AddParameter): Name = "Package Quantity"; Value = "5000"; VariantName = "[No Variations]"
Change component parameters (AddParameter): Name = "PackageDescription"; Value = "3-Pin Through Hole Device, Body 6.6 x 6.99 mm, Pitch 2.54 mm"; VariantName = "[No Variations]"
Change component parameters (AddParameter): Name = "PackageReference"; Value = "3326P"; VariantName = "[No Variations]"
Change component parameters (AddParameter): Name = "Packaging"; Value = "Tape and Reel"; VariantName = "[No Variations]"
Change component parameters (AddParameter): Name = "Pins"; Value = "2"; VariantName = "[No Variations]"
Change component parameters (AddParameter): Name = "Power Rating"; Value = "1 W"; VariantName = "[No Variations]"
Change component parameters (AddParameter): Name = "REACH SVHC"; Value = "No SVHC"; VariantName = "[No Variations]"
Change component parameters (AddParameter): Name = "Resistance"; Value = "50 mohm"; VariantName = "[No Variations]"
Change component parameters (AddParameter): Name = "RoHSCompliant"; Value = "True"; VariantName = "[No Variations]"
Change component parameters (AddParameter): Name = "Tolerance"; Value = "1%"; VariantName = "[No Variations]"
Change component parameters (AddParameter): Name = "Voltage Rating"; Value = "220 mV"; VariantName = "[No Variations]"
Change component parameters (AddParameter): Name = "Width"; Value = "1.6 mm"; VariantName = "[No Variations]"
Change component parameters: Designator = "VR2" ("VR2"); Footprint = "BOUR-3852A-282-103AL-3_V"; UniqueID = "\VCWCLKSF" ("\VCWCLKSF")
Change component parameters (AddParameter): Name = "Case Code (Imperial)"; Value = "0612"; VariantName = "[No Variations]"
Change component parameters (AddParameter): Name = "Case Code (Metric)"; Value = "1632"; VariantName = "[No Variations]"
Change component parameters (AddParameter): Name = "Case/Package"; Value = "1206"; VariantName = "[No Variations]"
Change component parameters (AddParameter): Name = "ComponentLink1Description"; Value = "Manufacturer URL"; VariantName = "[No Variations]"
Change component parameters (AddParameter): Name = "ComponentLink1URL"; Value = "http://www.bourns.com/"; VariantName = "[No Variations]"
Change component parameters (AddParameter): Name = "ComponentLink2Description"; Value = "Datasheet"; VariantName = "[No Variations]"
Change component parameters (AddParameter): Name = "ComponentLink2URL"; Value = "http://www.bourns.com/docs/Product-Datasheets/3362.pdf"; VariantName = "[No Variations]"
Change component parameters (AddParameter): Name = "DatasheetVersion"; Value = "May-16"; VariantName = "[No Variations]"
Change component parameters (AddParameter): Name = "Height"; Value = "0.6 mm"; VariantName = "[No Variations]"
Change component parameters (AddParameter): Name = "Length"; Value = "3.2 mm"; VariantName = "[No Variations]"
Change component parameters (AddParameter): Name = "Max Operating Temperature"; Value = "125degC"; VariantName = "[No Variations]"
Change component parameters (AddParameter): Name = "Min Operating Temperature"; Value = "-25degC"; VariantName = "[No Variations]"
Change component parameters (AddParameter): Name = "Mount"; Value = "Surface Mount"; VariantName = "[No Variations]"
Change component parameters (AddParameter): Name = "Package Quantity"; Value = "5000"; VariantName = "[No Variations]"
Change component parameters (AddParameter): Name = "PackageDescription"; Value = "3-Pin Through Hole Device, Body 6.6 x 6.99 mm, Pitch 2.54 mm"; VariantName = "[No Variations]"
Change component parameters (AddParameter): Name = "PackageReference"; Value = "3326P"; VariantName = "[No Variations]"
Change component parameters (AddParameter): Name = "Packaging"; Value = "Tape and Reel"; VariantName = "[No Variations]"
Change component parameters (AddParameter): Name = "Pins"; Value = "2"; VariantName = "[No Variations]"
Change component parameters (AddParameter): Name = "Power Rating"; Value = "1 W"; VariantName = "[No Variations]"
Change component parameters (AddParameter): Name = "REACH SVHC"; Value = "No SVHC"; VariantName = "[No Variations]"
Change component parameters (AddParameter): Name = "Resistance"; Value = "50 mohm"; VariantName = "[No Variations]"
Change component parameters (AddParameter): Name = "RoHSCompliant"; Value = "True"; VariantName = "[No Variations]"
Change component parameters (AddParameter): Name = "Tolerance"; Value = "1%"; VariantName = "[No Variations]"
Change component parameters (AddParameter): Name = "Voltage Rating"; Value = "220 mV"; VariantName = "[No Variations]"
Change component parameters (AddParameter): Name = "Width"; Value = "1.6 mm"; VariantName = "[No Variations]"
Change component parameters: Designator = "VR3" ("VR3"); Footprint = "BOUR-3852A-282-103AL-3_V"; UniqueID = "\WKGNQXLK" ("\WKGNQXLK")
Change component parameters (AddParameter): Name = "Case Code (Imperial)"; Value = "0612"; VariantName = "[No Variations]"
Change component parameters (AddParameter): Name = "Case Code (Metric)"; Value = "1632"; VariantName = "[No Variations]"
Change component parameters (AddParameter): Name = "Case/Package"; Value = "1206"; VariantName = "[No Variations]"
Change component parameters (AddParameter): Name = "ComponentLink1Description"; Value = "Manufacturer URL"; VariantName = "[No Variations]"
Change component parameters (AddParameter): Name = "ComponentLink1URL"; Value = "http://www.bourns.com/"; VariantName = "[No Variations]"
Change component parameters (AddParameter): Name = "ComponentLink2Description"; Value = "Datasheet"; VariantName = "[No Variations]"
Change component parameters (AddParameter): Name = "ComponentLink2URL"; Value = "http://www.bourns.com/docs/Product-Datasheets/3362.pdf"; VariantName = "[No Variations]"
Change component parameters (AddParameter): Name = "DatasheetVersion"; Value = "May-16"; VariantName = "[No Variations]"
Change component parameters (AddParameter): Name = "Height"; Value = "0.6 mm"; VariantName = "[No Variations]"
Change component parameters (AddParameter): Name = "Length"; Value = "3.2 mm"; VariantName = "[No Variations]"
Change component parameters (AddParameter): Name = "Max Operating Temperature"; Value = "125degC"; VariantName = "[No Variations]"
Change component parameters (AddParameter): Name = "Min Operating Temperature"; Value = "-25degC"; VariantName = "[No Variations]"
Change component parameters (AddParameter): Name = "Mount"; Value = "Surface Mount"; VariantName = "[No Variations]"
Change component parameters (AddParameter): Name = "Package Quantity"; Value = "5000"; VariantName = "[No Variations]"
Change component parameters (AddParameter): Name = "PackageDescription"; Value = "3-Pin Through Hole Device, Body 6.6 x 6.99 mm, Pitch 2.54 mm"; VariantName = "[No Variations]"
Change component parameters (AddParameter): Name = "PackageReference"; Value = "3326P"; VariantName = "[No Variations]"
Change component parameters (AddParameter): Name = "Packaging"; Value = "Tape and Reel"; VariantName = "[No Variations]"
Change component parameters (AddParameter): Name = "Pins"; Value = "2"; VariantName = "[No Variations]"
Change component parameters (AddParameter): Name = "Power Rating"; Value = "1 W"; VariantName = "[No Variations]"
Change component parameters (AddParameter): Name = "REACH SVHC"; Value = "No SVHC"; VariantName = "[No Variations]"
Change component parameters (AddParameter): Name = "Resistance"; Value = "50 mohm"; VariantName = "[No Variations]"
Change component parameters (AddParameter): Name = "RoHSCompliant"; Value = "True"; VariantName = "[No Variations]"
Change component parameters (AddParameter): Name = "Tolerance"; Value = "1%"; VariantName = "[No Variations]"
Change component parameters (AddParameter): Name = "Voltage Rating"; Value = "220 mV"; VariantName = "[No Variations]"
Change component parameters (AddParameter): Name = "Width"; Value = "1.6 mm"; VariantName = "[No Variations]"
Added Room: Name=Sheet1
